Started GET "/" for 127.0.0.1 at 2018-03-16 10:58:28 -0300
  [1m[35m (0.1ms)[0m  [1m[34mSELECT "schema_migrations"."version" FROM "schema_migrations" ORDER BY "schema_migrations"."version" ASC[0m
Processing by PageController#index as HTML
  [1m[36mUser Load (0.2ms)[0m  [1m[34mSELECT  "users".* FROM "users" WHERE "users"."id" = ? ORDER BY "users"."id" ASC LIMIT ?[0m  [["id", 1], ["LIMIT", 1]]
  Rendering page/index.html.erb within layouts/application
  Rendered page/index.html.erb within layouts/application (0.6ms)
  [1m[35m (0.1ms)[0m  [1m[34mSELECT "messagers"."id" FROM "messagers" WHERE "messagers"."user_id" = ?[0m  [["user_id", 1]]
  [1m[36mMessager Load (0.1ms)[0m  [1m[34mSELECT  "messagers".* FROM "messagers" LIMIT ?[0m  [["LIMIT", 3]]
  Rendered layouts/_navtop_admin.html.erb (17.6ms)
  Rendered shere/_devisemenssagers.html.erb (0.5ms)
  Rendered layouts/_footer.html.erb (0.2ms)
Completed 200 OK in 443ms (Views: 411.0ms | ActiveRecord: 2.1ms)


Started GET "/contents" for 127.0.0.1 at 2018-03-16 10:58:33 -0300
Processing by ContentsController#index as HTML
  [1m[36mUser Load (0.3ms)[0m  [1m[34mSELECT  "users".* FROM "users" WHERE "users"."id" = ? ORDER BY "users"."id" ASC LIMIT ?[0m  [["id", 1], ["LIMIT", 1]]
  Rendering contents/index.html.erb within layouts/application
  Rendered layouts/_brandcrumb.html.erb (0.9ms)
  [1m[36mContent Load (0.5ms)[0m  [1m[34mSELECT "contents".* FROM "contents"[0m
  [1m[36mCurse Load (0.2ms)[0m  [1m[34mSELECT  "curses".* FROM "curses" WHERE "curses"."id" = ? LIMIT ?[0m  [["id", 1], ["LIMIT", 1]]
  [1m[36mCACHE Curse Load (0.0ms)[0m  [1m[34mSELECT  "curses".* FROM "curses" WHERE "curses"."id" = ? LIMIT ?[0m  [["id", 1], ["LIMIT", 1]]
  [1m[36mCACHE Curse Load (0.0ms)[0m  [1m[34mSELECT  "curses".* FROM "curses" WHERE "curses"."id" = ? LIMIT ?[0m  [["id", 1], ["LIMIT", 1]]
  [1m[36mCACHE Curse Load (0.0ms)[0m  [1m[34mSELECT  "curses".* FROM "curses" WHERE "curses"."id" = ? LIMIT ?[0m  [["id", 1], ["LIMIT", 1]]
  [1m[36mCACHE Curse Load (0.0ms)[0m  [1m[34mSELECT  "curses".* FROM "curses" WHERE "curses"."id" = ? LIMIT ?[0m  [["id", 1], ["LIMIT", 1]]
  [1m[36mCACHE Curse Load (0.0ms)[0m  [1m[34mSELECT  "curses".* FROM "curses" WHERE "curses"."id" = ? LIMIT ?[0m  [["id", 1], ["LIMIT", 1]]
  Rendered contents/index.html.erb within layouts/application (95.2ms)
  [1m[35m (1.0ms)[0m  [1m[34mSELECT "messagers"."id" FROM "messagers" WHERE "messagers"."user_id" = ?[0m  [["user_id", 1]]
  [1m[36mMessager Load (0.1ms)[0m  [1m[34mSELECT  "messagers".* FROM "messagers" LIMIT ?[0m  [["LIMIT", 3]]
  Rendered layouts/_navtop_admin.html.erb (8.2ms)
  Rendered shere/_devisemenssagers.html.erb (0.4ms)
  Rendered layouts/_footer.html.erb (0.2ms)
Completed 200 OK in 245ms (Views: 228.0ms | ActiveRecord: 4.1ms)


Started GET "/contents" for 127.0.0.1 at 2018-03-16 11:19:58 -0300
Processing by ContentsController#index as HTML
  [1m[36mUser Load (1.2ms)[0m  [1m[34mSELECT  "users".* FROM "users" WHERE "users"."id" = ? ORDER BY "users"."id" ASC LIMIT ?[0m  [["id", 1], ["LIMIT", 1]]
  Rendering contents/index.html.erb within layouts/application
  Rendered layouts/_brandcrumb.html.erb (0.5ms)
  [1m[36mContent Load (0.5ms)[0m  [1m[34mSELECT "contents".* FROM "contents"[0m
  [1m[36mCurse Load (0.1ms)[0m  [1m[34mSELECT  "curses".* FROM "curses" WHERE "curses"."id" = ? LIMIT ?[0m  [["id", 1], ["LIMIT", 1]]
  [1m[36mCACHE Curse Load (0.0ms)[0m  [1m[34mSELECT  "curses".* FROM "curses" WHERE "curses"."id" = ? LIMIT ?[0m  [["id", 1], ["LIMIT", 1]]
  [1m[36mCACHE Curse Load (0.0ms)[0m  [1m[34mSELECT  "curses".* FROM "curses" WHERE "curses"."id" = ? LIMIT ?[0m  [["id", 1], ["LIMIT", 1]]
  [1m[36mCACHE Curse Load (0.0ms)[0m  [1m[34mSELECT  "curses".* FROM "curses" WHERE "curses"."id" = ? LIMIT ?[0m  [["id", 1], ["LIMIT", 1]]
  [1m[36mCACHE Curse Load (0.0ms)[0m  [1m[34mSELECT  "curses".* FROM "curses" WHERE "curses"."id" = ? LIMIT ?[0m  [["id", 1], ["LIMIT", 1]]
  [1m[36mCACHE Curse Load (0.0ms)[0m  [1m[34mSELECT  "curses".* FROM "curses" WHERE "curses"."id" = ? LIMIT ?[0m  [["id", 1], ["LIMIT", 1]]
  Rendered contents/index.html.erb within layouts/application (35.8ms)
  [1m[35m (0.2ms)[0m  [1m[34mSELECT "messagers"."id" FROM "messagers" WHERE "messagers"."user_id" = ?[0m  [["user_id", 1]]
  [1m[36mMessager Load (0.2ms)[0m  [1m[34mSELECT  "messagers".* FROM "messagers" LIMIT ?[0m  [["LIMIT", 3]]
  Rendered layouts/_navtop_admin.html.erb (7.5ms)
  Rendered shere/_devisemenssagers.html.erb (0.5ms)
  Rendered layouts/_footer.html.erb (0.4ms)
Completed 200 OK in 166ms (Views: 160.2ms | ActiveRecord: 2.3ms)


