I, [2019-11-10T10:10:58.599433 #6895]  INFO -- : [b67cb7b8-0183-412e-ab0a-14435a9800a1] Started GET "/contents/new" for 127.0.0.1 at 2019-11-10 10:10:58 -0300
I, [2019-11-10T10:10:58.603699 #6895]  INFO -- : [b67cb7b8-0183-412e-ab0a-14435a9800a1] Processing by ContentsController#new as HTML
I, [2019-11-10T10:10:58.614318 #6895]  INFO -- : [b67cb7b8-0183-412e-ab0a-14435a9800a1] Completed 401 Unauthorized in 10ms (Allocations: 949)
I, [2019-11-10T10:10:59.455075 #6895]  INFO -- : [0651184a-9829-45fe-980e-247cd60f4608] Started GET "/users/sign_in" for 127.0.0.1 at 2019-11-10 10:10:59 -0300
I, [2019-11-10T10:10:59.470051 #6895]  INFO -- : [0651184a-9829-45fe-980e-247cd60f4608] Processing by Devise::SessionsController#new as HTML
I, [2019-11-10T10:10:59.474865 #6895]  INFO -- : [0651184a-9829-45fe-980e-247cd60f4608] Completed 500 Internal Server Error in 5ms (Allocations: 1328)
F, [2019-11-10T10:10:59.476543 #6895] FATAL -- : [0651184a-9829-45fe-980e-247cd60f4608]   
[0651184a-9829-45fe-980e-247cd60f4608] ActiveRecord::NoDatabaseError (FATAL:  database "proedu_postgres_production" does not exist
):
[0651184a-9829-45fe-980e-247cd60f4608]   
[0651184a-9829-45fe-980e-247cd60f4608] activerecord (6.0.1) lib/active_record/connection_adapters/postgresql_adapter.rb:50:in `rescue in postgresql_connection'
[0651184a-9829-45fe-980e-247cd60f4608] activerecord (6.0.1) lib/active_record/connection_adapters/postgresql_adapter.rb:33:in `postgresql_connection'
[0651184a-9829-45fe-980e-247cd60f4608] activerecord (6.0.1) lib/active_record/connection_adapters/abstract/connection_pool.rb:889:in `new_connection'
[0651184a-9829-45fe-980e-247cd60f4608] activerecord (6.0.1) lib/active_record/connection_adapters/abstract/connection_pool.rb:933:in `checkout_new_connection'
[0651184a-9829-45fe-980e-247cd60f4608] activerecord (6.0.1) lib/active_record/connection_adapters/abstract/connection_pool.rb:912:in `try_to_checkout_new_connection'
[0651184a-9829-45fe-980e-247cd60f4608] activerecord (6.0.1) lib/active_record/connection_adapters/abstract/connection_pool.rb:873:in `acquire_connection'
[0651184a-9829-45fe-980e-247cd60f4608] activerecord (6.0.1) lib/active_record/connection_adapters/abstract/connection_pool.rb:595:in `checkout'
[0651184a-9829-45fe-980e-247cd60f4608] activerecord (6.0.1) lib/active_record/connection_adapters/abstract/connection_pool.rb:439:in `connection'
[0651184a-9829-45fe-980e-247cd60f4608] activerecord (6.0.1) lib/active_record/connection_adapters/abstract/connection_pool.rb:1121:in `retrieve_connection'
[0651184a-9829-45fe-980e-247cd60f4608] activerecord (6.0.1) lib/active_record/connection_handling.rb:238:in `retrieve_connection'
[0651184a-9829-45fe-980e-247cd60f4608] activerecord (6.0.1) lib/active_record/connection_handling.rb:206:in `connection'
[0651184a-9829-45fe-980e-247cd60f4608] activerecord (6.0.1) lib/active_record/model_schema.rb:490:in `load_schema!'
[0651184a-9829-45fe-980e-247cd60f4608] activerecord (6.0.1) lib/active_record/attributes.rb:247:in `load_schema!'
[0651184a-9829-45fe-980e-247cd60f4608] activerecord (6.0.1) lib/active_record/attribute_decorators.rb:51:in `load_schema!'
[0651184a-9829-45fe-980e-247cd60f4608] activerecord (6.0.1) lib/active_record/model_schema.rb:480:in `block in load_schema'
[0651184a-9829-45fe-980e-247cd60f4608] /home/marviorocha/.asdf/installs/ruby/2.6.5/lib/ruby/2.6.0/monitor.rb:235:in `mon_synchronize'
[0651184a-9829-45fe-980e-247cd60f4608] activerecord (6.0.1) lib/active_record/model_schema.rb:477:in `load_schema'
[0651184a-9829-45fe-980e-247cd60f4608] activerecord (6.0.1) lib/active_record/model_schema.rb:362:in `attribute_types'
[0651184a-9829-45fe-980e-247cd60f4608] activerecord (6.0.1) lib/active_record/attribute_methods.rb:171:in `has_attribute?'
[0651184a-9829-45fe-980e-247cd60f4608] activerecord (6.0.1) lib/active_record/inheritance.rb:55:in `new'
[0651184a-9829-45fe-980e-247cd60f4608] devise (4.7.1) app/controllers/devise/sessions_controller.rb:11:in `new'
[0651184a-9829-45fe-980e-247cd60f4608] actionpack (6.0.1) lib/action_controller/metal/basic_implicit_render.rb:6:in `send_action'
[0651184a-9829-45fe-980e-247cd60f4608] actionpack (6.0.1) lib/abstract_controller/base.rb:196:in `process_action'
[0651184a-9829-45fe-980e-247cd60f4608] actionpack (6.0.1) lib/action_controller/metal/rendering.rb:30:in `process_action'
[0651184a-9829-45fe-980e-247cd60f4608] actionpack (6.0.1) lib/abstract_controller/callbacks.rb:42:in `block in process_action'
[0651184a-9829-45fe-980e-247cd60f4608] activesupport (6.0.1) lib/active_support/callbacks.rb:135:in `run_callbacks'
[0651184a-9829-45fe-980e-247cd60f4608] actionpack (6.0.1) lib/abstract_controller/callbacks.rb:41:in `process_action'
[0651184a-9829-45fe-980e-247cd60f4608] actionpack (6.0.1) lib/action_controller/metal/rescue.rb:22:in `process_action'
[0651184a-9829-45fe-980e-247cd60f4608] actionpack (6.0.1) lib/action_controller/metal/instrumentation.rb:33:in `block in process_action'
[0651184a-9829-45fe-980e-247cd60f4608] activesupport (6.0.1) lib/active_support/notifications.rb:180:in `block in instrument'
[0651184a-9829-45fe-980e-247cd60f4608] activesupport (6.0.1) lib/active_support/notifications/instrumenter.rb:24:in `instrument'
[0651184a-9829-45fe-980e-247cd60f4608] activesupport (6.0.1) lib/active_support/notifications.rb:180:in `instrument'
[0651184a-9829-45fe-980e-247cd60f4608] actionpack (6.0.1) lib/action_controller/metal/instrumentation.rb:32:in `process_action'
[0651184a-9829-45fe-980e-247cd60f4608] actionpack (6.0.1) lib/action_controller/metal/params_wrapper.rb:245:in `process_action'
[0651184a-9829-45fe-980e-247cd60f4608] activerecord (6.0.1) lib/active_record/railties/controller_runtime.rb:27:in `process_action'
[0651184a-9829-45fe-980e-247cd60f4608] actionpack (6.0.1) lib/abstract_controller/base.rb:136:in `process'
[0651184a-9829-45fe-980e-247cd60f4608] actionview (6.0.1) lib/action_view/rendering.rb:39:in `process'
[0651184a-9829-45fe-980e-247cd60f4608] actionpack (6.0.1) lib/action_controller/metal.rb:191:in `dispatch'
[0651184a-9829-45fe-980e-247cd60f4608] actionpack (6.0.1) lib/action_controller/metal.rb:252:in `dispatch'
[0651184a-9829-45fe-980e-247cd60f4608] actionpack (6.0.1) lib/action_dispatch/routing/route_set.rb:51:in `dispatch'
[0651184a-9829-45fe-980e-247cd60f4608] actionpack (6.0.1) lib/action_dispatch/routing/route_set.rb:33:in `serve'
[0651184a-9829-45fe-980e-247cd60f4608] actionpack (6.0.1) lib/action_dispatch/routing/mapper.rb:18:in `block in <class:Constraints>'
[0651184a-9829-45fe-980e-247cd60f4608] actionpack (6.0.1) lib/action_dispatch/routing/mapper.rb:48:in `serve'
[0651184a-9829-45fe-980e-247cd60f4608] actionpack (6.0.1) lib/action_dispatch/journey/router.rb:49:in `block in serve'
[0651184a-9829-45fe-980e-247cd60f4608] actionpack (6.0.1) lib/action_dispatch/journey/router.rb:32:in `each'
[0651184a-9829-45fe-980e-247cd60f4608] actionpack (6.0.1) lib/action_dispatch/journey/router.rb:32:in `serve'
[0651184a-9829-45fe-980e-247cd60f4608] actionpack (6.0.1) lib/action_dispatch/routing/route_set.rb:837:in `call'
[0651184a-9829-45fe-980e-247cd60f4608] warden (1.2.8) lib/warden/manager.rb:36:in `block in call'
[0651184a-9829-45fe-980e-247cd60f4608] warden (1.2.8) lib/warden/manager.rb:34:in `catch'
[0651184a-9829-45fe-980e-247cd60f4608] warden (1.2.8) lib/warden/manager.rb:34:in `call'
[0651184a-9829-45fe-980e-247cd60f4608] rack (2.0.7) lib/rack/tempfile_reaper.rb:15:in `call'
[0651184a-9829-45fe-980e-247cd60f4608] rack (2.0.7) lib/rack/etag.rb:25:in `call'
[0651184a-9829-45fe-980e-247cd60f4608] rack (2.0.7) lib/rack/conditional_get.rb:25:in `call'
[0651184a-9829-45fe-980e-247cd60f4608] rack (2.0.7) lib/rack/head.rb:12:in `call'
[0651184a-9829-45fe-980e-247cd60f4608] actionpack (6.0.1) lib/action_dispatch/http/content_security_policy.rb:18:in `call'
[0651184a-9829-45fe-980e-247cd60f4608] rack (2.0.7) lib/rack/session/abstract/id.rb:232:in `context'
[0651184a-9829-45fe-980e-247cd60f4608] rack (2.0.7) lib/rack/session/abstract/id.rb:226:in `call'
[0651184a-9829-45fe-980e-247cd60f4608] actionpack (6.0.1) lib/action_dispatch/middleware/cookies.rb:648:in `call'
[0651184a-9829-45fe-980e-247cd60f4608] actionpack (6.0.1) lib/action_dispatch/middleware/callbacks.rb:27:in `block in call'
[0651184a-9829-45fe-980e-247cd60f4608] activesupport (6.0.1) lib/active_support/callbacks.rb:101:in `run_callbacks'
[0651184a-9829-45fe-980e-247cd60f4608] actionpack (6.0.1) lib/action_dispatch/middleware/callbacks.rb:26:in `call'
[0651184a-9829-45fe-980e-247cd60f4608] actionpack (6.0.1) lib/action_dispatch/middleware/actionable_exceptions.rb:17:in `call'
[0651184a-9829-45fe-980e-247cd60f4608] actionpack (6.0.1) lib/action_dispatch/middleware/debug_exceptions.rb:32:in `call'
[0651184a-9829-45fe-980e-247cd60f4608] actionpack (6.0.1) lib/action_dispatch/middleware/show_exceptions.rb:33:in `call'
[0651184a-9829-45fe-980e-247cd60f4608] railties (6.0.1) lib/rails/rack/logger.rb:38:in `call_app'
[0651184a-9829-45fe-980e-247cd60f4608] railties (6.0.1) lib/rails/rack/logger.rb:26:in `block in call'
[0651184a-9829-45fe-980e-247cd60f4608] activesupport (6.0.1) lib/active_support/tagged_logging.rb:80:in `block in tagged'
[0651184a-9829-45fe-980e-247cd60f4608] activesupport (6.0.1) lib/active_support/tagged_logging.rb:28:in `tagged'
[0651184a-9829-45fe-980e-247cd60f4608] activesupport (6.0.1) lib/active_support/tagged_logging.rb:80:in `tagged'
[0651184a-9829-45fe-980e-247cd60f4608] railties (6.0.1) lib/rails/rack/logger.rb:26:in `call'
[0651184a-9829-45fe-980e-247cd60f4608] actionpack (6.0.1) lib/action_dispatch/middleware/remote_ip.rb:81:in `call'
[0651184a-9829-45fe-980e-247cd60f4608] actionpack (6.0.1) lib/action_dispatch/middleware/request_id.rb:27:in `call'
[0651184a-9829-45fe-980e-247cd60f4608] rack (2.0.7) lib/rack/method_override.rb:22:in `call'
[0651184a-9829-45fe-980e-247cd60f4608] rack (2.0.7) lib/rack/runtime.rb:22:in `call'
[0651184a-9829-45fe-980e-247cd60f4608] activesupport (6.0.1) lib/active_support/cache/strategy/local_cache_middleware.rb:29:in `call'
[0651184a-9829-45fe-980e-247cd60f4608] actionpack (6.0.1) lib/action_dispatch/middleware/executor.rb:14:in `call'
[0651184a-9829-45fe-980e-247cd60f4608] rack (2.0.7) lib/rack/sendfile.rb:111:in `call'
[0651184a-9829-45fe-980e-247cd60f4608] actionpack (6.0.1) lib/action_dispatch/middleware/host_authorization.rb:77:in `call'
[0651184a-9829-45fe-980e-247cd60f4608] railties (6.0.1) lib/rails/engine.rb:526:in `call'
[0651184a-9829-45fe-980e-247cd60f4608] puma (4.3.0) lib/puma/configuration.rb:228:in `call'
[0651184a-9829-45fe-980e-247cd60f4608] puma (4.3.0) lib/puma/server.rb:667:in `handle_request'
[0651184a-9829-45fe-980e-247cd60f4608] puma (4.3.0) lib/puma/server.rb:470:in `process_client'
[0651184a-9829-45fe-980e-247cd60f4608] puma (4.3.0) lib/puma/server.rb:328:in `block in run'
[0651184a-9829-45fe-980e-247cd60f4608] puma (4.3.0) lib/puma/thread_pool.rb:134:in `block in spawn_thread'
I, [2019-11-10T10:11:00.918319 #6895]  INFO -- : [5fa3a3f3-0fbc-41ff-aea0-bbe44fd1a50a] Started GET "/users/sign_in" for 127.0.0.1 at 2019-11-10 10:11:00 -0300
I, [2019-11-10T10:11:00.919676 #6895]  INFO -- : [5fa3a3f3-0fbc-41ff-aea0-bbe44fd1a50a] Processing by Devise::SessionsController#new as HTML
I, [2019-11-10T10:11:00.924789 #6895]  INFO -- : [5fa3a3f3-0fbc-41ff-aea0-bbe44fd1a50a] Completed 500 Internal Server Error in 5ms (Allocations: 743)
F, [2019-11-10T10:11:00.926717 #6895] FATAL -- : [5fa3a3f3-0fbc-41ff-aea0-bbe44fd1a50a]   
[5fa3a3f3-0fbc-41ff-aea0-bbe44fd1a50a] ActiveRecord::NoDatabaseError (FATAL:  database "proedu_postgres_production" does not exist
):
[5fa3a3f3-0fbc-41ff-aea0-bbe44fd1a50a]   
[5fa3a3f3-0fbc-41ff-aea0-bbe44fd1a50a] activerecord (6.0.1) lib/active_record/connection_adapters/postgresql_adapter.rb:50:in `rescue in postgresql_connection'
[5fa3a3f3-0fbc-41ff-aea0-bbe44fd1a50a] activerecord (6.0.1) lib/active_record/connection_adapters/postgresql_adapter.rb:33:in `postgresql_connection'
[5fa3a3f3-0fbc-41ff-aea0-bbe44fd1a50a] activerecord (6.0.1) lib/active_record/connection_adapters/abstract/connection_pool.rb:889:in `new_connection'
[5fa3a3f3-0fbc-41ff-aea0-bbe44fd1a50a] activerecord (6.0.1) lib/active_record/connection_adapters/abstract/connection_pool.rb:933:in `checkout_new_connection'
[5fa3a3f3-0fbc-41ff-aea0-bbe44fd1a50a] activerecord (6.0.1) lib/active_record/connection_adapters/abstract/connection_pool.rb:912:in `try_to_checkout_new_connection'
[5fa3a3f3-0fbc-41ff-aea0-bbe44fd1a50a] activerecord (6.0.1) lib/active_record/connection_adapters/abstract/connection_pool.rb:873:in `acquire_connection'
[5fa3a3f3-0fbc-41ff-aea0-bbe44fd1a50a] activerecord (6.0.1) lib/active_record/connection_adapters/abstract/connection_pool.rb:595:in `checkout'
[5fa3a3f3-0fbc-41ff-aea0-bbe44fd1a50a] activerecord (6.0.1) lib/active_record/connection_adapters/abstract/connection_pool.rb:439:in `connection'
[5fa3a3f3-0fbc-41ff-aea0-bbe44fd1a50a] activerecord (6.0.1) lib/active_record/connection_adapters/abstract/connection_pool.rb:1121:in `retrieve_connection'
[5fa3a3f3-0fbc-41ff-aea0-bbe44fd1a50a] activerecord (6.0.1) lib/active_record/connection_handling.rb:238:in `retrieve_connection'
[5fa3a3f3-0fbc-41ff-aea0-bbe44fd1a50a] activerecord (6.0.1) lib/active_record/connection_handling.rb:206:in `connection'
[5fa3a3f3-0fbc-41ff-aea0-bbe44fd1a50a] activerecord (6.0.1) lib/active_record/model_schema.rb:490:in `load_schema!'
[5fa3a3f3-0fbc-41ff-aea0-bbe44fd1a50a] activerecord (6.0.1) lib/active_record/attributes.rb:247:in `load_schema!'
[5fa3a3f3-0fbc-41ff-aea0-bbe44fd1a50a] activerecord (6.0.1) lib/active_record/attribute_decorators.rb:51:in `load_schema!'
[5fa3a3f3-0fbc-41ff-aea0-bbe44fd1a50a] activerecord (6.0.1) lib/active_record/model_schema.rb:480:in `block in load_schema'
[5fa3a3f3-0fbc-41ff-aea0-bbe44fd1a50a] /home/marviorocha/.asdf/installs/ruby/2.6.5/lib/ruby/2.6.0/monitor.rb:235:in `mon_synchronize'
[5fa3a3f3-0fbc-41ff-aea0-bbe44fd1a50a] activerecord (6.0.1) lib/active_record/model_schema.rb:477:in `load_schema'
[5fa3a3f3-0fbc-41ff-aea0-bbe44fd1a50a] activerecord (6.0.1) lib/active_record/model_schema.rb:362:in `attribute_types'
[5fa3a3f3-0fbc-41ff-aea0-bbe44fd1a50a] activerecord (6.0.1) lib/active_record/attribute_methods.rb:171:in `has_attribute?'
[5fa3a3f3-0fbc-41ff-aea0-bbe44fd1a50a] activerecord (6.0.1) lib/active_record/inheritance.rb:55:in `new'
[5fa3a3f3-0fbc-41ff-aea0-bbe44fd1a50a] devise (4.7.1) app/controllers/devise/sessions_controller.rb:11:in `new'
[5fa3a3f3-0fbc-41ff-aea0-bbe44fd1a50a] actionpack (6.0.1) lib/action_controller/metal/basic_implicit_render.rb:6:in `send_action'
[5fa3a3f3-0fbc-41ff-aea0-bbe44fd1a50a] actionpack (6.0.1) lib/abstract_controller/base.rb:196:in `process_action'
[5fa3a3f3-0fbc-41ff-aea0-bbe44fd1a50a] actionpack (6.0.1) lib/action_controller/metal/rendering.rb:30:in `process_action'
[5fa3a3f3-0fbc-41ff-aea0-bbe44fd1a50a] actionpack (6.0.1) lib/abstract_controller/callbacks.rb:42:in `block in process_action'
[5fa3a3f3-0fbc-41ff-aea0-bbe44fd1a50a] activesupport (6.0.1) lib/active_support/callbacks.rb:135:in `run_callbacks'
[5fa3a3f3-0fbc-41ff-aea0-bbe44fd1a50a] actionpack (6.0.1) lib/abstract_controller/callbacks.rb:41:in `process_action'
[5fa3a3f3-0fbc-41ff-aea0-bbe44fd1a50a] actionpack (6.0.1) lib/action_controller/metal/rescue.rb:22:in `process_action'
[5fa3a3f3-0fbc-41ff-aea0-bbe44fd1a50a] actionpack (6.0.1) lib/action_controller/metal/instrumentation.rb:33:in `block in process_action'
[5fa3a3f3-0fbc-41ff-aea0-bbe44fd1a50a] activesupport (6.0.1) lib/active_support/notifications.rb:180:in `block in instrument'
[5fa3a3f3-0fbc-41ff-aea0-bbe44fd1a50a] activesupport (6.0.1) lib/active_support/notifications/instrumenter.rb:24:in `instrument'
[5fa3a3f3-0fbc-41ff-aea0-bbe44fd1a50a] activesupport (6.0.1) lib/active_support/notifications.rb:180:in `instrument'
[5fa3a3f3-0fbc-41ff-aea0-bbe44fd1a50a] actionpack (6.0.1) lib/action_controller/metal/instrumentation.rb:32:in `process_action'
[5fa3a3f3-0fbc-41ff-aea0-bbe44fd1a50a] actionpack (6.0.1) lib/action_controller/metal/params_wrapper.rb:245:in `process_action'
[5fa3a3f3-0fbc-41ff-aea0-bbe44fd1a50a] activerecord (6.0.1) lib/active_record/railties/controller_runtime.rb:27:in `process_action'
[5fa3a3f3-0fbc-41ff-aea0-bbe44fd1a50a] actionpack (6.0.1) lib/abstract_controller/base.rb:136:in `process'
[5fa3a3f3-0fbc-41ff-aea0-bbe44fd1a50a] actionview (6.0.1) lib/action_view/rendering.rb:39:in `process'
[5fa3a3f3-0fbc-41ff-aea0-bbe44fd1a50a] actionpack (6.0.1) lib/action_controller/metal.rb:191:in `dispatch'
[5fa3a3f3-0fbc-41ff-aea0-bbe44fd1a50a] actionpack (6.0.1) lib/action_controller/metal.rb:252:in `dispatch'
[5fa3a3f3-0fbc-41ff-aea0-bbe44fd1a50a] actionpack (6.0.1) lib/action_dispatch/routing/route_set.rb:51:in `dispatch'
[5fa3a3f3-0fbc-41ff-aea0-bbe44fd1a50a] actionpack (6.0.1) lib/action_dispatch/routing/route_set.rb:33:in `serve'
[5fa3a3f3-0fbc-41ff-aea0-bbe44fd1a50a] actionpack (6.0.1) lib/action_dispatch/routing/mapper.rb:18:in `block in <class:Constraints>'
[5fa3a3f3-0fbc-41ff-aea0-bbe44fd1a50a] actionpack (6.0.1) lib/action_dispatch/routing/mapper.rb:48:in `serve'
[5fa3a3f3-0fbc-41ff-aea0-bbe44fd1a50a] actionpack (6.0.1) lib/action_dispatch/journey/router.rb:49:in `block in serve'
[5fa3a3f3-0fbc-41ff-aea0-bbe44fd1a50a] actionpack (6.0.1) lib/action_dispatch/journey/router.rb:32:in `each'
[5fa3a3f3-0fbc-41ff-aea0-bbe44fd1a50a] actionpack (6.0.1) lib/action_dispatch/journey/router.rb:32:in `serve'
[5fa3a3f3-0fbc-41ff-aea0-bbe44fd1a50a] actionpack (6.0.1) lib/action_dispatch/routing/route_set.rb:837:in `call'
[5fa3a3f3-0fbc-41ff-aea0-bbe44fd1a50a] warden (1.2.8) lib/warden/manager.rb:36:in `block in call'
[5fa3a3f3-0fbc-41ff-aea0-bbe44fd1a50a] warden (1.2.8) lib/warden/manager.rb:34:in `catch'
[5fa3a3f3-0fbc-41ff-aea0-bbe44fd1a50a] warden (1.2.8) lib/warden/manager.rb:34:in `call'
[5fa3a3f3-0fbc-41ff-aea0-bbe44fd1a50a] rack (2.0.7) lib/rack/tempfile_reaper.rb:15:in `call'
[5fa3a3f3-0fbc-41ff-aea0-bbe44fd1a50a] rack (2.0.7) lib/rack/etag.rb:25:in `call'
[5fa3a3f3-0fbc-41ff-aea0-bbe44fd1a50a] rack (2.0.7) lib/rack/conditional_get.rb:25:in `call'
[5fa3a3f3-0fbc-41ff-aea0-bbe44fd1a50a] rack (2.0.7) lib/rack/head.rb:12:in `call'
[5fa3a3f3-0fbc-41ff-aea0-bbe44fd1a50a] actionpack (6.0.1) lib/action_dispatch/http/content_security_policy.rb:18:in `call'
[5fa3a3f3-0fbc-41ff-aea0-bbe44fd1a50a] rack (2.0.7) lib/rack/session/abstract/id.rb:232:in `context'
[5fa3a3f3-0fbc-41ff-aea0-bbe44fd1a50a] rack (2.0.7) lib/rack/session/abstract/id.rb:226:in `call'
[5fa3a3f3-0fbc-41ff-aea0-bbe44fd1a50a] actionpack (6.0.1) lib/action_dispatch/middleware/cookies.rb:648:in `call'
[5fa3a3f3-0fbc-41ff-aea0-bbe44fd1a50a] actionpack (6.0.1) lib/action_dispatch/middleware/callbacks.rb:27:in `block in call'
[5fa3a3f3-0fbc-41ff-aea0-bbe44fd1a50a] activesupport (6.0.1) lib/active_support/callbacks.rb:101:in `run_callbacks'
[5fa3a3f3-0fbc-41ff-aea0-bbe44fd1a50a] actionpack (6.0.1) lib/action_dispatch/middleware/callbacks.rb:26:in `call'
[5fa3a3f3-0fbc-41ff-aea0-bbe44fd1a50a] actionpack (6.0.1) lib/action_dispatch/middleware/actionable_exceptions.rb:17:in `call'
[5fa3a3f3-0fbc-41ff-aea0-bbe44fd1a50a] actionpack (6.0.1) lib/action_dispatch/middleware/debug_exceptions.rb:32:in `call'
[5fa3a3f3-0fbc-41ff-aea0-bbe44fd1a50a] actionpack (6.0.1) lib/action_dispatch/middleware/show_exceptions.rb:33:in `call'
[5fa3a3f3-0fbc-41ff-aea0-bbe44fd1a50a] railties (6.0.1) lib/rails/rack/logger.rb:38:in `call_app'
[5fa3a3f3-0fbc-41ff-aea0-bbe44fd1a50a] railties (6.0.1) lib/rails/rack/logger.rb:26:in `block in call'
[5fa3a3f3-0fbc-41ff-aea0-bbe44fd1a50a] activesupport (6.0.1) lib/active_support/tagged_logging.rb:80:in `block in tagged'
[5fa3a3f3-0fbc-41ff-aea0-bbe44fd1a50a] activesupport (6.0.1) lib/active_support/tagged_logging.rb:28:in `tagged'
[5fa3a3f3-0fbc-41ff-aea0-bbe44fd1a50a] activesupport (6.0.1) lib/active_support/tagged_logging.rb:80:in `tagged'
[5fa3a3f3-0fbc-41ff-aea0-bbe44fd1a50a] railties (6.0.1) lib/rails/rack/logger.rb:26:in `call'
[5fa3a3f3-0fbc-41ff-aea0-bbe44fd1a50a] actionpack (6.0.1) lib/action_dispatch/middleware/remote_ip.rb:81:in `call'
[5fa3a3f3-0fbc-41ff-aea0-bbe44fd1a50a] actionpack (6.0.1) lib/action_dispatch/middleware/request_id.rb:27:in `call'
[5fa3a3f3-0fbc-41ff-aea0-bbe44fd1a50a] rack (2.0.7) lib/rack/method_override.rb:22:in `call'
[5fa3a3f3-0fbc-41ff-aea0-bbe44fd1a50a] rack (2.0.7) lib/rack/runtime.rb:22:in `call'
[5fa3a3f3-0fbc-41ff-aea0-bbe44fd1a50a] activesupport (6.0.1) lib/active_support/cache/strategy/local_cache_middleware.rb:29:in `call'
[5fa3a3f3-0fbc-41ff-aea0-bbe44fd1a50a] actionpack (6.0.1) lib/action_dispatch/middleware/executor.rb:14:in `call'
[5fa3a3f3-0fbc-41ff-aea0-bbe44fd1a50a] rack (2.0.7) lib/rack/sendfile.rb:111:in `call'
[5fa3a3f3-0fbc-41ff-aea0-bbe44fd1a50a] actionpack (6.0.1) lib/action_dispatch/middleware/host_authorization.rb:77:in `call'
[5fa3a3f3-0fbc-41ff-aea0-bbe44fd1a50a] railties (6.0.1) lib/rails/engine.rb:526:in `call'
[5fa3a3f3-0fbc-41ff-aea0-bbe44fd1a50a] puma (4.3.0) lib/puma/configuration.rb:228:in `call'
[5fa3a3f3-0fbc-41ff-aea0-bbe44fd1a50a] puma (4.3.0) lib/puma/server.rb:667:in `handle_request'
[5fa3a3f3-0fbc-41ff-aea0-bbe44fd1a50a] puma (4.3.0) lib/puma/server.rb:470:in `process_client'
[5fa3a3f3-0fbc-41ff-aea0-bbe44fd1a50a] puma (4.3.0) lib/puma/server.rb:328:in `block in run'
[5fa3a3f3-0fbc-41ff-aea0-bbe44fd1a50a] puma (4.3.0) lib/puma/thread_pool.rb:134:in `block in spawn_thread'
I, [2019-11-10T10:11:01.211081 #6895]  INFO -- : [5809a03b-6f74-41b3-bf00-7b96dc87c5fe] Started GET "/favicon.ico" for 127.0.0.1 at 2019-11-10 10:11:01 -0300
F, [2019-11-10T10:11:01.212010 #6895] FATAL -- : [5809a03b-6f74-41b3-bf00-7b96dc87c5fe]   
[5809a03b-6f74-41b3-bf00-7b96dc87c5fe] ActionController::RoutingError (No route matches [GET] "/favicon.ico"):
[5809a03b-6f74-41b3-bf00-7b96dc87c5fe]   
[5809a03b-6f74-41b3-bf00-7b96dc87c5fe] actionpack (6.0.1) lib/action_dispatch/middleware/debug_exceptions.rb:36:in `call'
[5809a03b-6f74-41b3-bf00-7b96dc87c5fe] actionpack (6.0.1) lib/action_dispatch/middleware/show_exceptions.rb:33:in `call'
[5809a03b-6f74-41b3-bf00-7b96dc87c5fe] railties (6.0.1) lib/rails/rack/logger.rb:38:in `call_app'
[5809a03b-6f74-41b3-bf00-7b96dc87c5fe] railties (6.0.1) lib/rails/rack/logger.rb:26:in `block in call'
[5809a03b-6f74-41b3-bf00-7b96dc87c5fe] activesupport (6.0.1) lib/active_support/tagged_logging.rb:80:in `block in tagged'
[5809a03b-6f74-41b3-bf00-7b96dc87c5fe] activesupport (6.0.1) lib/active_support/tagged_logging.rb:28:in `tagged'
[5809a03b-6f74-41b3-bf00-7b96dc87c5fe] activesupport (6.0.1) lib/active_support/tagged_logging.rb:80:in `tagged'
[5809a03b-6f74-41b3-bf00-7b96dc87c5fe] railties (6.0.1) lib/rails/rack/logger.rb:26:in `call'
[5809a03b-6f74-41b3-bf00-7b96dc87c5fe] actionpack (6.0.1) lib/action_dispatch/middleware/remote_ip.rb:81:in `call'
[5809a03b-6f74-41b3-bf00-7b96dc87c5fe] actionpack (6.0.1) lib/action_dispatch/middleware/request_id.rb:27:in `call'
[5809a03b-6f74-41b3-bf00-7b96dc87c5fe] rack (2.0.7) lib/rack/method_override.rb:22:in `call'
[5809a03b-6f74-41b3-bf00-7b96dc87c5fe] rack (2.0.7) lib/rack/runtime.rb:22:in `call'
[5809a03b-6f74-41b3-bf00-7b96dc87c5fe] activesupport (6.0.1) lib/active_support/cache/strategy/local_cache_middleware.rb:29:in `call'
[5809a03b-6f74-41b3-bf00-7b96dc87c5fe] actionpack (6.0.1) lib/action_dispatch/middleware/executor.rb:14:in `call'
[5809a03b-6f74-41b3-bf00-7b96dc87c5fe] rack (2.0.7) lib/rack/sendfile.rb:111:in `call'
[5809a03b-6f74-41b3-bf00-7b96dc87c5fe] actionpack (6.0.1) lib/action_dispatch/middleware/host_authorization.rb:77:in `call'
[5809a03b-6f74-41b3-bf00-7b96dc87c5fe] railties (6.0.1) lib/rails/engine.rb:526:in `call'
[5809a03b-6f74-41b3-bf00-7b96dc87c5fe] puma (4.3.0) lib/puma/configuration.rb:228:in `call'
[5809a03b-6f74-41b3-bf00-7b96dc87c5fe] puma (4.3.0) lib/puma/server.rb:667:in `handle_request'
[5809a03b-6f74-41b3-bf00-7b96dc87c5fe] puma (4.3.0) lib/puma/server.rb:470:in `process_client'
[5809a03b-6f74-41b3-bf00-7b96dc87c5fe] puma (4.3.0) lib/puma/server.rb:328:in `block in run'
[5809a03b-6f74-41b3-bf00-7b96dc87c5fe] puma (4.3.0) lib/puma/thread_pool.rb:134:in `block in spawn_thread'
I, [2019-11-10T10:11:05.693870 #6895]  INFO -- : [756c33f2-1984-4d16-8592-096a697a38fb] Started GET "/" for 127.0.0.1 at 2019-11-10 10:11:05 -0300
I, [2019-11-10T10:11:05.694856 #6895]  INFO -- : [756c33f2-1984-4d16-8592-096a697a38fb] Processing by PageController#index as HTML
I, [2019-11-10T10:11:05.696090 #6895]  INFO -- : [756c33f2-1984-4d16-8592-096a697a38fb] Completed 401 Unauthorized in 1ms (Allocations: 381)
I, [2019-11-10T10:11:05.711321 #6895]  INFO -- : [c8d8368d-6651-430b-9f5a-5e7b7f8f23be] Started GET "/users/sign_in" for 127.0.0.1 at 2019-11-10 10:11:05 -0300
I, [2019-11-10T10:11:05.712146 #6895]  INFO -- : [c8d8368d-6651-430b-9f5a-5e7b7f8f23be] Processing by Devise::SessionsController#new as HTML
I, [2019-11-10T10:11:05.715659 #6895]  INFO -- : [c8d8368d-6651-430b-9f5a-5e7b7f8f23be] Completed 500 Internal Server Error in 3ms (Allocations: 743)
F, [2019-11-10T10:11:05.716692 #6895] FATAL -- : [c8d8368d-6651-430b-9f5a-5e7b7f8f23be]   
[c8d8368d-6651-430b-9f5a-5e7b7f8f23be] ActiveRecord::NoDatabaseError (FATAL:  database "proedu_postgres_production" does not exist
):
[c8d8368d-6651-430b-9f5a-5e7b7f8f23be]   
[c8d8368d-6651-430b-9f5a-5e7b7f8f23be] activerecord (6.0.1) lib/active_record/connection_adapters/postgresql_adapter.rb:50:in `rescue in postgresql_connection'
[c8d8368d-6651-430b-9f5a-5e7b7f8f23be] activerecord (6.0.1) lib/active_record/connection_adapters/postgresql_adapter.rb:33:in `postgresql_connection'
[c8d8368d-6651-430b-9f5a-5e7b7f8f23be] activerecord (6.0.1) lib/active_record/connection_adapters/abstract/connection_pool.rb:889:in `new_connection'
[c8d8368d-6651-430b-9f5a-5e7b7f8f23be] activerecord (6.0.1) lib/active_record/connection_adapters/abstract/connection_pool.rb:933:in `checkout_new_connection'
[c8d8368d-6651-430b-9f5a-5e7b7f8f23be] activerecord (6.0.1) lib/active_record/connection_adapters/abstract/connection_pool.rb:912:in `try_to_checkout_new_connection'
[c8d8368d-6651-430b-9f5a-5e7b7f8f23be] activerecord (6.0.1) lib/active_record/connection_adapters/abstract/connection_pool.rb:873:in `acquire_connection'
[c8d8368d-6651-430b-9f5a-5e7b7f8f23be] activerecord (6.0.1) lib/active_record/connection_adapters/abstract/connection_pool.rb:595:in `checkout'
[c8d8368d-6651-430b-9f5a-5e7b7f8f23be] activerecord (6.0.1) lib/active_record/connection_adapters/abstract/connection_pool.rb:439:in `connection'
[c8d8368d-6651-430b-9f5a-5e7b7f8f23be] activerecord (6.0.1) lib/active_record/connection_adapters/abstract/connection_pool.rb:1121:in `retrieve_connection'
[c8d8368d-6651-430b-9f5a-5e7b7f8f23be] activerecord (6.0.1) lib/active_record/connection_handling.rb:238:in `retrieve_connection'
[c8d8368d-6651-430b-9f5a-5e7b7f8f23be] activerecord (6.0.1) lib/active_record/connection_handling.rb:206:in `connection'
[c8d8368d-6651-430b-9f5a-5e7b7f8f23be] activerecord (6.0.1) lib/active_record/model_schema.rb:490:in `load_schema!'
[c8d8368d-6651-430b-9f5a-5e7b7f8f23be] activerecord (6.0.1) lib/active_record/attributes.rb:247:in `load_schema!'
[c8d8368d-6651-430b-9f5a-5e7b7f8f23be] activerecord (6.0.1) lib/active_record/attribute_decorators.rb:51:in `load_schema!'
[c8d8368d-6651-430b-9f5a-5e7b7f8f23be] activerecord (6.0.1) lib/active_record/model_schema.rb:480:in `block in load_schema'
[c8d8368d-6651-430b-9f5a-5e7b7f8f23be] /home/marviorocha/.asdf/installs/ruby/2.6.5/lib/ruby/2.6.0/monitor.rb:235:in `mon_synchronize'
[c8d8368d-6651-430b-9f5a-5e7b7f8f23be] activerecord (6.0.1) lib/active_record/model_schema.rb:477:in `load_schema'
[c8d8368d-6651-430b-9f5a-5e7b7f8f23be] activerecord (6.0.1) lib/active_record/model_schema.rb:362:in `attribute_types'
[c8d8368d-6651-430b-9f5a-5e7b7f8f23be] activerecord (6.0.1) lib/active_record/attribute_methods.rb:171:in `has_attribute?'
[c8d8368d-6651-430b-9f5a-5e7b7f8f23be] activerecord (6.0.1) lib/active_record/inheritance.rb:55:in `new'
[c8d8368d-6651-430b-9f5a-5e7b7f8f23be] devise (4.7.1) app/controllers/devise/sessions_controller.rb:11:in `new'
[c8d8368d-6651-430b-9f5a-5e7b7f8f23be] actionpack (6.0.1) lib/action_controller/metal/basic_implicit_render.rb:6:in `send_action'
[c8d8368d-6651-430b-9f5a-5e7b7f8f23be] actionpack (6.0.1) lib/abstract_controller/base.rb:196:in `process_action'
[c8d8368d-6651-430b-9f5a-5e7b7f8f23be] actionpack (6.0.1) lib/action_controller/metal/rendering.rb:30:in `process_action'
[c8d8368d-6651-430b-9f5a-5e7b7f8f23be] actionpack (6.0.1) lib/abstract_controller/callbacks.rb:42:in `block in process_action'
[c8d8368d-6651-430b-9f5a-5e7b7f8f23be] activesupport (6.0.1) lib/active_support/callbacks.rb:135:in `run_callbacks'
[c8d8368d-6651-430b-9f5a-5e7b7f8f23be] actionpack (6.0.1) lib/abstract_controller/callbacks.rb:41:in `process_action'
[c8d8368d-6651-430b-9f5a-5e7b7f8f23be] actionpack (6.0.1) lib/action_controller/metal/rescue.rb:22:in `process_action'
[c8d8368d-6651-430b-9f5a-5e7b7f8f23be] actionpack (6.0.1) lib/action_controller/metal/instrumentation.rb:33:in `block in process_action'
[c8d8368d-6651-430b-9f5a-5e7b7f8f23be] activesupport (6.0.1) lib/active_support/notifications.rb:180:in `block in instrument'
[c8d8368d-6651-430b-9f5a-5e7b7f8f23be] activesupport (6.0.1) lib/active_support/notifications/instrumenter.rb:24:in `instrument'
[c8d8368d-6651-430b-9f5a-5e7b7f8f23be] activesupport (6.0.1) lib/active_support/notifications.rb:180:in `instrument'
[c8d8368d-6651-430b-9f5a-5e7b7f8f23be] actionpack (6.0.1) lib/action_controller/metal/instrumentation.rb:32:in `process_action'
[c8d8368d-6651-430b-9f5a-5e7b7f8f23be] actionpack (6.0.1) lib/action_controller/metal/params_wrapper.rb:245:in `process_action'
[c8d8368d-6651-430b-9f5a-5e7b7f8f23be] activerecord (6.0.1) lib/active_record/railties/controller_runtime.rb:27:in `process_action'
[c8d8368d-6651-430b-9f5a-5e7b7f8f23be] actionpack (6.0.1) lib/abstract_controller/base.rb:136:in `process'
[c8d8368d-6651-430b-9f5a-5e7b7f8f23be] actionview (6.0.1) lib/action_view/rendering.rb:39:in `process'
[c8d8368d-6651-430b-9f5a-5e7b7f8f23be] actionpack (6.0.1) lib/action_controller/metal.rb:191:in `dispatch'
[c8d8368d-6651-430b-9f5a-5e7b7f8f23be] actionpack (6.0.1) lib/action_controller/metal.rb:252:in `dispatch'
[c8d8368d-6651-430b-9f5a-5e7b7f8f23be] actionpack (6.0.1) lib/action_dispatch/routing/route_set.rb:51:in `dispatch'
[c8d8368d-6651-430b-9f5a-5e7b7f8f23be] actionpack (6.0.1) lib/action_dispatch/routing/route_set.rb:33:in `serve'
[c8d8368d-6651-430b-9f5a-5e7b7f8f23be] actionpack (6.0.1) lib/action_dispatch/routing/mapper.rb:18:in `block in <class:Constraints>'
[c8d8368d-6651-430b-9f5a-5e7b7f8f23be] actionpack (6.0.1) lib/action_dispatch/routing/mapper.rb:48:in `serve'
[c8d8368d-6651-430b-9f5a-5e7b7f8f23be] actionpack (6.0.1) lib/action_dispatch/journey/router.rb:49:in `block in serve'
[c8d8368d-6651-430b-9f5a-5e7b7f8f23be] actionpack (6.0.1) lib/action_dispatch/journey/router.rb:32:in `each'
[c8d8368d-6651-430b-9f5a-5e7b7f8f23be] actionpack (6.0.1) lib/action_dispatch/journey/router.rb:32:in `serve'
[c8d8368d-6651-430b-9f5a-5e7b7f8f23be] actionpack (6.0.1) lib/action_dispatch/routing/route_set.rb:837:in `call'
[c8d8368d-6651-430b-9f5a-5e7b7f8f23be] warden (1.2.8) lib/warden/manager.rb:36:in `block in call'
[c8d8368d-6651-430b-9f5a-5e7b7f8f23be] warden (1.2.8) lib/warden/manager.rb:34:in `catch'
[c8d8368d-6651-430b-9f5a-5e7b7f8f23be] warden (1.2.8) lib/warden/manager.rb:34:in `call'
[c8d8368d-6651-430b-9f5a-5e7b7f8f23be] rack (2.0.7) lib/rack/tempfile_reaper.rb:15:in `call'
[c8d8368d-6651-430b-9f5a-5e7b7f8f23be] rack (2.0.7) lib/rack/etag.rb:25:in `call'
[c8d8368d-6651-430b-9f5a-5e7b7f8f23be] rack (2.0.7) lib/rack/conditional_get.rb:25:in `call'
[c8d8368d-6651-430b-9f5a-5e7b7f8f23be] rack (2.0.7) lib/rack/head.rb:12:in `call'
[c8d8368d-6651-430b-9f5a-5e7b7f8f23be] actionpack (6.0.1) lib/action_dispatch/http/content_security_policy.rb:18:in `call'
[c8d8368d-6651-430b-9f5a-5e7b7f8f23be] rack (2.0.7) lib/rack/session/abstract/id.rb:232:in `context'
[c8d8368d-6651-430b-9f5a-5e7b7f8f23be] rack (2.0.7) lib/rack/session/abstract/id.rb:226:in `call'
[c8d8368d-6651-430b-9f5a-5e7b7f8f23be] actionpack (6.0.1) lib/action_dispatch/middleware/cookies.rb:648:in `call'
[c8d8368d-6651-430b-9f5a-5e7b7f8f23be] actionpack (6.0.1) lib/action_dispatch/middleware/callbacks.rb:27:in `block in call'
[c8d8368d-6651-430b-9f5a-5e7b7f8f23be] activesupport (6.0.1) lib/active_support/callbacks.rb:101:in `run_callbacks'
[c8d8368d-6651-430b-9f5a-5e7b7f8f23be] actionpack (6.0.1) lib/action_dispatch/middleware/callbacks.rb:26:in `call'
[c8d8368d-6651-430b-9f5a-5e7b7f8f23be] actionpack (6.0.1) lib/action_dispatch/middleware/actionable_exceptions.rb:17:in `call'
[c8d8368d-6651-430b-9f5a-5e7b7f8f23be] actionpack (6.0.1) lib/action_dispatch/middleware/debug_exceptions.rb:32:in `call'
[c8d8368d-6651-430b-9f5a-5e7b7f8f23be] actionpack (6.0.1) lib/action_dispatch/middleware/show_exceptions.rb:33:in `call'
[c8d8368d-6651-430b-9f5a-5e7b7f8f23be] railties (6.0.1) lib/rails/rack/logger.rb:38:in `call_app'
[c8d8368d-6651-430b-9f5a-5e7b7f8f23be] railties (6.0.1) lib/rails/rack/logger.rb:26:in `block in call'
[c8d8368d-6651-430b-9f5a-5e7b7f8f23be] activesupport (6.0.1) lib/active_support/tagged_logging.rb:80:in `block in tagged'
[c8d8368d-6651-430b-9f5a-5e7b7f8f23be] activesupport (6.0.1) lib/active_support/tagged_logging.rb:28:in `tagged'
[c8d8368d-6651-430b-9f5a-5e7b7f8f23be] activesupport (6.0.1) lib/active_support/tagged_logging.rb:80:in `tagged'
[c8d8368d-6651-430b-9f5a-5e7b7f8f23be] railties (6.0.1) lib/rails/rack/logger.rb:26:in `call'
[c8d8368d-6651-430b-9f5a-5e7b7f8f23be] actionpack (6.0.1) lib/action_dispatch/middleware/remote_ip.rb:81:in `call'
[c8d8368d-6651-430b-9f5a-5e7b7f8f23be] actionpack (6.0.1) lib/action_dispatch/middleware/request_id.rb:27:in `call'
[c8d8368d-6651-430b-9f5a-5e7b7f8f23be] rack (2.0.7) lib/rack/method_override.rb:22:in `call'
[c8d8368d-6651-430b-9f5a-5e7b7f8f23be] rack (2.0.7) lib/rack/runtime.rb:22:in `call'
[c8d8368d-6651-430b-9f5a-5e7b7f8f23be] activesupport (6.0.1) lib/active_support/cache/strategy/local_cache_middleware.rb:29:in `call'
[c8d8368d-6651-430b-9f5a-5e7b7f8f23be] actionpack (6.0.1) lib/action_dispatch/middleware/executor.rb:14:in `call'
[c8d8368d-6651-430b-9f5a-5e7b7f8f23be] rack (2.0.7) lib/rack/sendfile.rb:111:in `call'
[c8d8368d-6651-430b-9f5a-5e7b7f8f23be] actionpack (6.0.1) lib/action_dispatch/middleware/host_authorization.rb:77:in `call'
[c8d8368d-6651-430b-9f5a-5e7b7f8f23be] railties (6.0.1) lib/rails/engine.rb:526:in `call'
[c8d8368d-6651-430b-9f5a-5e7b7f8f23be] puma (4.3.0) lib/puma/configuration.rb:228:in `call'
[c8d8368d-6651-430b-9f5a-5e7b7f8f23be] puma (4.3.0) lib/puma/server.rb:667:in `handle_request'
[c8d8368d-6651-430b-9f5a-5e7b7f8f23be] puma (4.3.0) lib/puma/server.rb:470:in `process_client'
[c8d8368d-6651-430b-9f5a-5e7b7f8f23be] puma (4.3.0) lib/puma/server.rb:328:in `block in run'
[c8d8368d-6651-430b-9f5a-5e7b7f8f23be] puma (4.3.0) lib/puma/thread_pool.rb:134:in `block in spawn_thread'
